Arguments:
  publish,--version,1.0.0

Deno version:
  deno: 1.4.2
  v8: 8.7.75
  typescript: 4.0.3

Eggs version:
  0.2.3

Platform:
  x86_64-pc-windows-msvc

2020-09-28T10:08:48.085Z [DEBUG]    Raw config: {
  name: "discordeno-helper",
  description: "Discordeno framework for faster deveelopment",
  version: "1.0.0",
  bump: "patch",
  files: [
    "./Utils/**/*",
    "./Types/**/*",
    "./Storage/**/*",
    "./Managment/**/*",
    "./deps.ts",
    "./mod.ts",
    "/mod.ts",
    "./README.md",
    "/db/**/*",
    "./tsconfig.json"
  ],
  ignore: [ ".git" ],
  checkFormat: "npx prettier . --write",
  entry: "/mod.ts",
  checkAll: true,
  repository: "https://github.com/Suyashtnt/Discordeno-Helper",
  unlisted: false
}
2020-09-28T10:08:48.094Z [DEBUG]    Ignore: { accepts: [], denies: [ /^(?:[^\\/]*(?:\\|\/|$)+)*\.git(?:\\|\/)*$/ ], extends: [] }
2020-09-28T10:08:48.141Z [DEBUG]    Matched files: [
  {
    fullPath: "C:/Users/Home/Documents/discordeno-helper/Utils/CreateCommand.ts",
    path: "/Utils/CreateCommand.ts",
    lstat: {
      isFile: true,
      isDirectory: false,
      isSymlink: false,
      size: 274,
      mtime: 2020-09-28T10:07:32.530Z,
      atime: 2020-09-28T10:07:48.595Z,
      birthtime: 2020-09-27T18:21:20.630Z,
      dev: null,
      ino: null,
      mode: null,
      nlink: null,
      uid: null,
      gid: null,
      rdev: null,
      blksize: null,
      blocks: null
    }
  },
  {
    fullPath: "C:/Users/Home/Documents/discordeno-helper/Utils/CreateHelpCommand.ts",
    path: "/Utils/CreateHelpCommand.ts",
    lstat: {
      isFile: true,
      isDirectory: false,
      isSymlink: false,
      size: 1092,
      mtime: 2020-09-28T10:07:32.538Z,
      atime: 2020-09-28T10:07:48.596Z,
      birthtime: 2020-09-27T18:21:20.633Z,
      dev: null,
      ino: null,
      mode: null,
      nlink: null,
      uid: null,
      gid: null,
      rdev: null,
      blksize: null,
      blocks: null
    }
  },
  {
    fullPath: "C:/Users/Home/Documents/discordeno-helper/Utils/CreatePrefixCommand.ts",
    path: "/Utils/CreatePrefixCommand.ts",
    lstat: {
      isFile: true,
      isDirectory: false,
      isSymlink: false,
      size: 1058,
      mtime: 2020-09-28T10:07:32.545Z,
      atime: 2020-09-28T10:07:48.598Z,
      birthtime: 2020-09-28T10:07:32.544Z,
      dev: null,
      ino: null,
      mode: null,
      nlink: null,
      uid: null,
      gid: null,
      rdev: null,
      blksize: null,
      blocks: null
    }
  },
  {
    fullPath: "C:/Users/Home/Documents/discordeno-helper/Utils/embed.ts",
    path: "/Utils/embed.ts",
    lstat: {
      isFile: true,
      isDirectory: false,
      isSymlink: false,
      size: 2603,
      mtime: 2020-09-28T10:07:32.553Z,
      atime: 2020-09-28T10:07:48.599Z,
      birthtime: 2020-09-27T18:21:20.635Z,
      dev: null,
      ino: null,
      mode: null,
      nlink: null,
      uid: null,
      gid: null,
      rdev: null,
      blksize: null,
      blocks: null
    }
  },
  {
    fullPath: "C:/Users/Home/Documents/discordeno-helper/Types/command.ts",
    path: "/Types/command.ts",
    lstat: {
      isFile: true,
      isDirectory: false,
      isSymlink: false,
      size: 295,
      mtime: 2020-09-28T10:07:32.522Z,
      atime: 2020-09-28T10:07:48.592Z,
      birthtime: 2020-09-27T18:21:20.627Z,
      dev: null,
      ino: null,
      mode: null,
      nlink: null,
      uid: null,
      gid: null,
      rdev: null,
      blksize: null,
      blocks: null
    }
  },
  {
    fullPath: "C:/Users/Home/Documents/discordeno-helper/Storage/commands.ts",
    path: "/Storage/commands.ts",
    lstat: {
      isFile: true,
      isDirectory: false,
      isSymlink: false,
      size: 143,
      mtime: 2020-09-28T10:07:32.460Z,
      atime: 2020-09-28T10:07:48.577Z,
      birthtime: 2020-09-27T18:21:20.611Z,
      dev: null,
      ino: null,
      mode: null,
      nlink: null,
      uid: null,
      gid: null,
      rdev: null,
      blksize: null,
      blocks: null
    }
  },
  {
    fullPath: "C:/Users/Home/Documents/discordeno-helper/Managment/Startup.ts",
    path: "/Managment/Startup.ts",
    lstat: {
      isFile: true,
      isDirectory: false,
      isSymlink: false,
      size: 2301,
      mtime: 2020-09-28T10:07:32.436Z,
      atime: 2020-09-28T10:07:48.571Z,
      birthtime: 2020-09-27T18:21:20.609Z,
      dev: null,
      ino: null,
      mode: null,
      nlink: null,
      uid: null,
      gid: null,
      rdev: null,
      blksize: null,
      blocks: null
    }
  },
  {
    fullPath: "C:/Users/Home/Documents/discordeno-helper/deps.ts",
    path: "/deps.ts",
    lstat: {
      isFile: true,
      isDirectory: false,
      isSymlink: false,
      size: 271,
      mtime: 2020-09-28T10:07:32.577Z,
      atime: 2020-09-28T10:07:48.606Z,
      birthtime: 2020-09-27T18:21:20.638Z,
      dev: null,
      ino: null,
      mode: null,
      nlink: null,
      uid: null,
      gid: null,
      rdev: null,
      blksize: null,
      blocks: null
    }
  },
  {
    fullPath: "C:/Users/Home/Documents/discordeno-helper/mod.ts",
    path: "/mod.ts",
    lstat: {
      isFile: true,
      isDirectory: false,
      isSymlink: false,
      size: 497,
      mtime: 2020-09-28T10:07:32.594Z,
      atime: 2020-09-28T10:07:48.611Z,
      birthtime: 2020-09-27T18:21:20.641Z,
      dev: null,
      ino: null,
      mode: null,
      nlink: null,
      uid: null,
      gid: null,
      rdev: null,
      blksize: null,
      blocks: null
    }
  },
  {
    fullPath: "mod.ts",
    path: "/mod.ts",
    lstat: {
      isFile: true,
      isDirectory: false,
      isSymlink: false,
      size: 497,
      mtime: 2020-09-28T10:07:32.594Z,
      atime: 2020-09-28T10:07:48.611Z,
      birthtime: 2020-09-27T18:21:20.641Z,
      dev: null,
      ino: null,
      mode: null,
      nlink: null,
      uid: null,
      gid: null,
      rdev: null,
      blksize: null,
      blocks: null
    }
  },
  {
    fullPath: "C:/Users/Home/Documents/discordeno-helper/README.md",
    path: "/README.md",
    lstat: {
      isFile: true,
      isDirectory: false,
      isSymlink: false,
      size: 558,
      mtime: 2020-09-28T10:07:32.449Z,
      atime: 2020-09-28T10:07:48.574Z,
      birthtime: 2020-09-27T18:47:54.589Z,
      dev: null,
      ino: null,
      mode: null,
      nlink: null,
      uid: null,
      gid: null,
      rdev: null,
      blksize: null,
      blocks: null
    }
  },
  {
    fullPath: "db/db.ts",
    path: "/db/db.ts",
    lstat: {
      isFile: true,
      isDirectory: false,
      isSymlink: false,
      size: 1048,
      mtime: 2020-09-28T10:07:32.560Z,
      atime: 2020-09-28T10:07:48.602Z,
      birthtime: 2020-09-28T10:07:32.560Z,
      dev: null,
      ino: null,
      mode: null,
      nlink: null,
      uid: null,
      gid: null,
      rdev: null,
      blksize: null,
      blocks: null
    }
  },
  {
    fullPath: "db/schemas/prefix.ts",
    path: "/db/schemas/prefix.ts",
    lstat: {
      isFile: true,
      isDirectory: false,
      isSymlink: false,
      size: 132,
      mtime: 2020-09-28T10:07:32.569Z,
      atime: 2020-09-28T10:07:48.604Z,
      birthtime: 2020-09-28T10:07:32.568Z,
      dev: null,
      ino: null,
      mode: null,
      nlink: null,
      uid: null,
      gid: null,
      rdev: null,
      blksize: null,
      blocks: null
    }
  },
  {
    fullPath: "C:/Users/Home/Documents/discordeno-helper/tsconfig.json",
    path: "/tsconfig.json",
    lstat: {
      isFile: true,
      isDirectory: false,
      isSymlink: false,
      size: 73,
      mtime: 2020-09-28T10:07:32.609Z,
      atime: 2020-09-28T10:07:48.614Z,
      birthtime: 2020-09-28T10:07:32.609Z,
      dev: null,
      ino: null,
      mode: null,
      nlink: null,
      uid: null,
      gid: null,
      rdev: null,
      blksize: null,
      blocks: null
    }
  },
  {
    fullPath: "mod.ts",
    path: "/mod.ts",
    lstat: {
      isFile: true,
      isDirectory: false,
      isSymlink: false,
      size: 497,
      mtime: 2020-09-28T10:07:32.594Z,
      atime: 2020-09-28T10:07:48.611Z,
      birthtime: 2020-09-27T18:21:20.641Z,
      dev: null,
      ino: null,
      mode: null,
      nlink: null,
      uid: null,
      gid: null,
      rdev: null,
      blksize: null,
      blocks: null
    }
  }
]
2020-09-28T10:08:48.258Z [CRITICAL] An unexpected error occurred: "The system cannot find the file specified. (os error 2)" "NotFound: The system cannot find the file specified. (os error 2)\n    at Object.jsonOpSync (core.js:247:13)\n    at opRun (deno:cli/rt/40_process.js:19:17)\n    at Object.run (deno:cli/rt/40_process.js:103:17)\n    at checkUp (publish.ts:165:26)\n    at Command.publishCommand [as fn] (publish.ts:293:14)\n    at async Command.execute (command.ts:796:9)\n    at async Command.parse (command.ts:731:14)\n    at async Command.parse (command.ts:688:14)\n    at async mod.ts:51:23"
